{"level":"info","message":"Listening on port 3001...","timestamp":"2021-09-02T10:44:18.342Z"}
{"level":"info","message":"Connected to MongoDB...","timestamp":"2021-09-02T10:44:18.356Z"}
{"level":"info","message":"Listening on port 3001...","timestamp":"2021-09-02T10:51:55.430Z"}
{"level":"info","message":"Connected to MongoDB...","timestamp":"2021-09-02T10:51:55.444Z"}
{"level":"info","message":"Listening on port 3001...","timestamp":"2021-09-06T08:52:47.677Z"}
{"level":"info","message":"Connected to MongoDB...","timestamp":"2021-09-06T08:52:47.689Z"}
{"level":"info","message":"Listening on port 3001...","timestamp":"2021-09-06T11:23:41.328Z"}
{"level":"info","message":"Connected to mongodb://localhost/vidly...","timestamp":"2021-09-06T11:23:41.344Z"}
{"level":"info","message":"Listening on port 3001...","timestamp":"2021-09-06T11:24:23.452Z"}
{"level":"info","message":"Connected to mongodb://localhost/vidly_tests...","timestamp":"2021-09-06T11:24:23.466Z"}
{"level":"info","message":"Listening on port 3001...","timestamp":"2021-09-06T11:32:26.111Z"}
{"level":"info","message":"Connected to mongodb://localhost/vidly_tests...","timestamp":"2021-09-06T11:32:26.134Z"}
{"level":"info","message":"Listening on port 3001...","timestamp":"2021-09-06T11:35:40.904Z"}
{"level":"info","message":"Connected to mongodb://localhost/vidly_tests...","timestamp":"2021-09-06T11:35:40.933Z"}
{"level":"info","message":"Listening on port 3001...","timestamp":"2021-09-06T11:36:41.750Z"}
{"level":"info","message":"Connected to mongodb://localhost/vidly_tests...","timestamp":"2021-09-06T11:36:41.778Z"}
{"level":"info","message":"Listening on port 3001...","timestamp":"2021-09-06T11:37:17.722Z"}
{"level":"info","message":"Connected to mongodb://localhost/vidly_tests...","timestamp":"2021-09-06T11:37:17.747Z"}
{"level":"info","message":"Listening on port 3001...","timestamp":"2021-09-06T11:37:58.299Z"}
{"level":"info","message":"Connected to mongodb://localhost/vidly_tests...","timestamp":"2021-09-06T11:37:58.327Z"}
{"level":"info","message":"Listening on port 3001...","timestamp":"2021-09-06T11:39:09.571Z"}
{"level":"info","message":"Connected to mongodb://localhost/vidly_tests...","timestamp":"2021-09-06T11:39:09.596Z"}
{"level":"info","message":"Listening on port 3001...","timestamp":"2021-09-06T11:39:24.384Z"}
{"level":"info","message":"Connected to mongodb://localhost/vidly_tests...","timestamp":"2021-09-06T11:39:24.409Z"}
{"level":"info","message":"Listening on port 3001...","timestamp":"2021-09-06T11:39:59.938Z"}
{"level":"info","message":"Connected to mongodb://localhost/vidly_tests...","timestamp":"2021-09-06T11:39:59.965Z"}
{"level":"info","message":"Listening on port 3001...","timestamp":"2021-09-06T11:40:44.320Z"}
{"level":"info","message":"Connected to mongodb://localhost/vidly_tests...","timestamp":"2021-09-06T11:40:44.346Z"}
{"level":"info","message":"Listening on port 3001...","timestamp":"2021-09-08T15:10:03.750Z"}
{"level":"info","message":"Connected to mongodb://localhost/vidly_tests...","timestamp":"2021-09-08T15:10:03.776Z"}
{"level":"info","message":"Listening on port 3001...","timestamp":"2021-09-08T15:15:30.144Z"}
{"level":"info","message":"Connected to mongodb://localhost/vidly_tests...","timestamp":"2021-09-08T15:15:30.169Z"}
{"level":"info","message":"Listening on port 3001...","timestamp":"2021-09-08T15:15:52.709Z"}
{"level":"info","message":"Connected to mongodb://localhost/vidly_tests...","timestamp":"2021-09-08T15:15:52.733Z"}
{"level":"info","message":"Listening on port 3001...","timestamp":"2021-09-08T15:16:04.306Z"}
{"level":"info","message":"Connected to mongodb://localhost/vidly_tests...","timestamp":"2021-09-08T15:16:04.331Z"}
{"level":"info","message":"Listening on port 3001...","timestamp":"2021-09-08T15:16:29.551Z"}
{"level":"info","message":"Connected to mongodb://localhost/vidly_tests...","timestamp":"2021-09-08T15:16:29.573Z"}
{"level":"info","message":"Listening on port 3001...","timestamp":"2021-09-08T15:17:59.652Z"}
{"level":"info","message":"Connected to mongodb://localhost/vidly_tests...","timestamp":"2021-09-08T15:17:59.677Z"}
{"level":"info","message":"Listening on port 3001...","timestamp":"2021-09-08T15:18:43.465Z"}
{"level":"info","message":"Connected to mongodb://localhost/vidly_tests...","timestamp":"2021-09-08T15:18:43.489Z"}
{"level":"info","message":"Listening on port 3001...","timestamp":"2021-09-08T15:19:08.109Z"}
{"level":"info","message":"Connected to mongodb://localhost/vidly_tests...","timestamp":"2021-09-08T15:19:08.134Z"}
{"level":"info","message":"Listening on port 3001...","timestamp":"2021-09-08T15:19:43.944Z"}
{"level":"info","message":"Connected to mongodb://localhost/vidly_tests...","timestamp":"2021-09-08T15:19:43.968Z"}
{"level":"info","message":"Listening on port 3001...","timestamp":"2021-09-08T15:19:58.453Z"}
{"level":"info","message":"Connected to mongodb://localhost/vidly_tests...","timestamp":"2021-09-08T15:19:58.479Z"}
{"level":"info","message":"Listening on port 3001...","timestamp":"2021-09-08T15:20:03.405Z"}
{"level":"info","message":"Connected to mongodb://localhost/vidly_tests...","timestamp":"2021-09-08T15:20:03.431Z"}
{"level":"info","message":"Listening on port 3001...","timestamp":"2021-09-08T15:22:00.735Z"}
{"level":"info","message":"Connected to mongodb://localhost/vidly_tests...","timestamp":"2021-09-08T15:22:00.761Z"}
{"level":"info","message":"Listening on port 3001...","timestamp":"2021-09-08T15:22:16.981Z"}
{"level":"info","message":"Connected to mongodb://localhost/vidly_tests...","timestamp":"2021-09-08T15:22:17.008Z"}
{"level":"info","message":"Listening on port 3001...","timestamp":"2021-09-08T15:24:33.116Z"}
{"level":"info","message":"Connected to mongodb://localhost/vidly_tests...","timestamp":"2021-09-08T15:24:33.142Z"}
{"level":"info","message":"Listening on port 3001...","timestamp":"2021-09-08T15:25:38.637Z"}
{"level":"info","message":"Connected to mongodb://localhost/vidly_tests...","timestamp":"2021-09-08T15:25:38.663Z"}
{"level":"info","message":"Listening on port 3001...","timestamp":"2021-09-08T15:26:56.327Z"}
{"level":"info","message":"Connected to mongodb://localhost/vidly_tests...","timestamp":"2021-09-08T15:26:56.353Z"}
{"level":"info","message":"Listening on port 3001...","timestamp":"2021-09-08T15:27:24.260Z"}
{"level":"info","message":"Connected to mongodb://localhost/vidly_tests...","timestamp":"2021-09-08T15:27:24.286Z"}
{"level":"info","message":"Listening on port 3001...","timestamp":"2021-09-08T15:28:45.871Z"}
{"level":"info","message":"Connected to mongodb://localhost/vidly_tests...","timestamp":"2021-09-08T15:28:45.898Z"}
{"message":"Cast to ObjectId failed for value \"1\" at path \"_id\" for model \"Genre\"","stack":"CastError: Cast to ObjectId failed for value \"1\" at path \"_id\" for model \"Genre\"\n    at new CastError (/Users/p0k008f/Projects/source/learning/node-course/vidly/node_modules/mongoose/lib/error/cast.js:27:11)\n    at ObjectId.Object.<anonymous>.ObjectId.cast (/Users/p0k008f/Projects/source/learning/node-course/vidly/node_modules/mongoose/lib/schema/objectid.js:158:13)\n    at ObjectId.Object.<anonymous>.SchemaType.applySetters (/Users/p0k008f/Projects/source/learning/node-course/vidly/node_modules/mongoose/lib/schematype.js:701:12)\n    at ObjectId.Object.<anonymous>.SchemaType._castForQuery (/Users/p0k008f/Projects/source/learning/node-course/vidly/node_modules/mongoose/lib/schematype.js:1072:15)\n    at ObjectId.Object.<anonymous>.ObjectId.castForQuery (/Users/p0k008f/Projects/source/learning/node-course/vidly/node_modules/mongoose/lib/schema/objectid.js:198:15)\n    at ObjectId.Object.<anonymous>.SchemaType.castForQueryWrapper (/Users/p0k008f/Projects/source/learning/node-course/vidly/node_modules/mongoose/lib/schematype.js:1041:15)\n    at cast (/Users/p0k008f/Projects/source/learning/node-course/vidly/node_modules/mongoose/lib/cast.js:269:32)\n    at model.Query.Object.<anonymous>.Query.cast (/Users/p0k008f/Projects/source/learning/node-course/vidly/node_modules/mongoose/lib/query.js:3130:12)\n    at model.Query.Object.<anonymous>.Query._castConditions (/Users/p0k008f/Projects/source/learning/node-course/vidly/node_modules/mongoose/lib/query.js:1266:10)\n    at model.Query.Object.<anonymous>.Query._findOne (/Users/p0k008f/Projects/source/learning/node-course/vidly/node_modules/mongoose/lib/query.js:1482:8)\n    at /Users/p0k008f/Projects/source/learning/node-course/vidly/node_modules/kareem/index.js:276:8\n    at /Users/p0k008f/Projects/source/learning/node-course/vidly/node_modules/kareem/index.js:23:7\n    at processTicksAndRejections (internal/process/task_queues.js:75:11)","name":"CastError","stringValue":"\"1\"","kind":"ObjectId","value":"1","path":"_id","level":"error","timestamp":"2021-09-08T15:28:45.946Z"}
{"level":"info","message":"Listening on port 3001...","timestamp":"2021-09-08T15:31:07.256Z"}
{"level":"info","message":"Connected to mongodb://localhost/vidly_tests...","timestamp":"2021-09-08T15:31:07.282Z"}
{"level":"info","message":"Listening on port 3001...","timestamp":"2021-09-08T15:32:18.616Z"}
{"level":"info","message":"Connected to mongodb://localhost/vidly_tests...","timestamp":"2021-09-08T15:32:18.644Z"}
{"level":"info","message":"Listening on port 3001...","timestamp":"2021-09-08T15:33:52.587Z"}
{"level":"info","message":"Connected to mongodb://localhost/vidly_tests...","timestamp":"2021-09-08T15:33:52.613Z"}
{"level":"info","message":"Listening on port 3001...","timestamp":"2021-09-08T15:34:00.501Z"}
{"level":"info","message":"Connected to mongodb://localhost/vidly_tests...","timestamp":"2021-09-08T15:34:00.527Z"}
{"level":"info","message":"Listening on port 3001...","timestamp":"2021-09-08T15:34:28.724Z"}
{"level":"info","message":"Connected to mongodb://localhost/vidly_tests...","timestamp":"2021-09-08T15:34:28.750Z"}
{"level":"info","message":"Listening on port 3001...","timestamp":"2021-09-08T15:35:05.014Z"}
{"level":"info","message":"Connected to mongodb://localhost/vidly_tests...","timestamp":"2021-09-08T15:35:05.042Z"}
{"level":"info","message":"Listening on port 3001...","timestamp":"2021-09-08T15:40:10.305Z"}
{"level":"info","message":"Connected to mongodb://localhost/vidly_tests...","timestamp":"2021-09-08T15:40:10.333Z"}
{"level":"info","message":"Listening on port 3001...","timestamp":"2021-09-08T15:42:53.754Z"}
{"level":"info","message":"Connected to mongodb://localhost/vidly_tests...","timestamp":"2021-09-08T15:42:53.779Z"}
{"message":"Genre validation failed: name: Path `name` (`1234`) is shorter than the minimum allowed length (5).","errors":{"name":{"message":"Path `name` (`1234`) is shorter than the minimum allowed length (5).","name":"ValidatorError","properties":{"message":"Path `{PATH}` (`{VALUE}`) is shorter than the minimum allowed length (5).","type":"minlength","minlength":5,"path":"name","value":"1234"},"kind":"minlength","path":"name","value":"1234","$isValidatorError":true}},"_message":"Genre validation failed","stack":"ValidationError: Genre validation failed: name: Path `name` (`1234`) is shorter than the minimum allowed length (5).\n    at new ValidationError (/Users/p0k008f/Projects/source/learning/node-course/vidly/node_modules/mongoose/lib/error/validation.js:27:11)\n    at model.Object.<anonymous>.Document.invalidate (/Users/p0k008f/Projects/source/learning/node-course/vidly/node_modules/mongoose/lib/document.js:1656:32)\n    at /Users/p0k008f/Projects/source/learning/node-course/vidly/node_modules/mongoose/lib/document.js:1528:17\n    at Immediate.<anonymous> (/Users/p0k008f/Projects/source/learning/node-course/vidly/node_modules/mongoose/lib/schematype.js:785:9)\n    at processImmediate (internal/timers.js:461:21)","name":"ValidationError","level":"error","timestamp":"2021-09-08T15:42:53.853Z"}
{"level":"info","message":"Listening on port 3001...","timestamp":"2021-09-08T15:44:00.831Z"}
{"level":"info","message":"Connected to mongodb://localhost/vidly_tests...","timestamp":"2021-09-08T15:44:00.861Z"}
{"level":"info","message":"Listening on port 3001...","timestamp":"2021-09-08T15:45:37.904Z"}
{"level":"info","message":"Connected to mongodb://localhost/vidly_tests...","timestamp":"2021-09-08T15:45:37.931Z"}
{"level":"info","message":"Listening on port 3001...","timestamp":"2021-09-08T15:45:53.524Z"}
{"level":"info","message":"Connected to mongodb://localhost/vidly_tests...","timestamp":"2021-09-08T15:45:53.550Z"}
{"message":"Genre validation failed: name: Path `name` (`aaaaaaaaaaaaaaaaaaaaaaaaaaaaaaaaaaaaaaaaaaaaaaaaaaa`) is longer than the maximum allowed length (50).","errors":{"name":{"message":"Path `name` (`aaaaaaaaaaaaaaaaaaaaaaaaaaaaaaaaaaaaaaaaaaaaaaaaaaa`) is longer than the maximum allowed length (50).","name":"ValidatorError","properties":{"message":"Path `{PATH}` (`{VALUE}`) is longer than the maximum allowed length (50).","type":"maxlength","maxlength":50,"path":"name","value":"aaaaaaaaaaaaaaaaaaaaaaaaaaaaaaaaaaaaaaaaaaaaaaaaaaa"},"kind":"maxlength","path":"name","value":"aaaaaaaaaaaaaaaaaaaaaaaaaaaaaaaaaaaaaaaaaaaaaaaaaaa","$isValidatorError":true}},"_message":"Genre validation failed","stack":"ValidationError: Genre validation failed: name: Path `name` (`aaaaaaaaaaaaaaaaaaaaaaaaaaaaaaaaaaaaaaaaaaaaaaaaaaa`) is longer than the maximum allowed length (50).\n    at new ValidationError (/Users/p0k008f/Projects/source/learning/node-course/vidly/node_modules/mongoose/lib/error/validation.js:27:11)\n    at model.Object.<anonymous>.Document.invalidate (/Users/p0k008f/Projects/source/learning/node-course/vidly/node_modules/mongoose/lib/document.js:1656:32)\n    at /Users/p0k008f/Projects/source/learning/node-course/vidly/node_modules/mongoose/lib/document.js:1528:17\n    at Immediate.<anonymous> (/Users/p0k008f/Projects/source/learning/node-course/vidly/node_modules/mongoose/lib/schematype.js:785:9)\n    at processImmediate (internal/timers.js:461:21)","name":"ValidationError","level":"error","timestamp":"2021-09-08T15:45:53.626Z"}
{"level":"info","message":"Listening on port 3001...","timestamp":"2021-09-08T15:46:14.330Z"}
{"level":"info","message":"Connected to mongodb://localhost/vidly_tests...","timestamp":"2021-09-08T15:46:14.356Z"}
{"level":"info","message":"Listening on port 3001...","timestamp":"2021-09-08T15:48:44.724Z"}
{"level":"info","message":"Connected to mongodb://localhost/vidly_tests...","timestamp":"2021-09-08T15:48:44.750Z"}
{"level":"info","message":"Listening on port 3001...","timestamp":"2021-09-08T15:49:11.247Z"}
{"level":"info","message":"Connected to mongodb://localhost/vidly_tests...","timestamp":"2021-09-08T15:49:11.273Z"}
{"level":"info","message":"Listening on port 3001...","timestamp":"2021-09-08T15:50:29.248Z"}
{"level":"info","message":"Connected to mongodb://localhost/vidly_tests...","timestamp":"2021-09-08T15:50:29.276Z"}
{"level":"info","message":"Listening on port 3001...","timestamp":"2021-09-08T15:59:36.140Z"}
{"level":"info","message":"Connected to mongodb://localhost/vidly_tests...","timestamp":"2021-09-08T15:59:36.167Z"}
{"level":"info","message":"Listening on port 3001...","timestamp":"2021-09-08T15:59:52.024Z"}
{"level":"info","message":"Connected to mongodb://localhost/vidly_tests...","timestamp":"2021-09-08T15:59:52.051Z"}
{"level":"info","message":"Listening on port 3001...","timestamp":"2021-09-11T04:48:56.866Z"}
{"level":"info","message":"Connected to mongodb://localhost/vidly...","timestamp":"2021-09-11T04:48:56.907Z"}
{"level":"info","message":"Listening on port 3001...","timestamp":"2021-09-11T04:57:11.896Z"}
{"level":"info","message":"Connected to mongodb://localhost/vidly...","timestamp":"2021-09-11T04:57:11.919Z"}
